<?xml version="1.0" encoding="UTF-8"?>
<!-- Generated by org.testng.reporters.JUnitReportReporter -->
<testsuite skipped="0" hostname="LAPTOP-8R4GMC4P" name="com.testng.TestNG.DashboardTestNG" tests="1" failures="0" timestamp="2020-01-02T20:53:14 IST" time="65.617" errors="0">
  <testcase name="dashboardTitle" time="65.617" classname="com.testng.TestNG.DashboardTestNG"/>
</testsuite> <!-- com.testng.TestNG.DashboardTestNG -->
