<?xml version="1.0" encoding="UTF-8"?>
<!-- Generated by org.testng.reporters.JUnitReportReporter -->
<testsuite skipped="0" hostname="LAPTOP-8R4GMC4P" name="com.testng.TestNG.LoginTestNG" tests="1" failures="0" timestamp="2020-01-02T19:21:53 IST" time="35.023" errors="0">
  <testcase name="test1" time="35.023" classname="com.testng.TestNG.LoginTestNG"/>
</testsuite> <!-- com.testng.TestNG.LoginTestNG -->
