<?xml version="1.0" encoding="UTF-8"?>
<!-- Generated by org.testng.reporters.JUnitReportReporter -->
<testsuite skipped="0" hostname="LAPTOP-8R4GMC4P" name="com.testng.TestNG.NewTest" tests="1" failures="0" timestamp="2019-12-31T23:10:38 IST" time="121.017" errors="0">
  <testcase name="test1" time="121.017" classname="com.testng.TestNG.NewTest"/>
</testsuite> <!-- com.testng.TestNG.NewTest -->
