<?xml version="1.0" encoding="UTF-8"?>
<!-- Generated by org.testng.reporters.JUnitReportReporter -->
<testsuite skipped="0" hostname="LAPTOP-8R4GMC4P" name="com.testng.TestNG.CalendarTestNG" tests="2" failures="0" timestamp="2020-01-04T10:21:46 IST" time="187.519" errors="0">
  <testcase name="calendar" time="81.549" classname="com.testng.TestNG.CalendarTestNG"/>
  <testcase name="calendar2" time="105.970" classname="com.testng.TestNG.CalendarTestNG"/>
</testsuite> <!-- com.testng.TestNG.CalendarTestNG -->
